<?xml version="1.0" encoding="UTF-8"?>
<testsuite xmlns:xsi="http://www.w3.org/2001/XMLSchema-instance" xsi:noNamespaceSchemaLocation="https://maven.apache.org/surefire/maven-surefire-plugin/xsd/surefire-test-report.xsd" name="Runner.TestingRunner" time="75.782" tests="16" errors="0" skipped="0" failures="0">
  <properties>
[...]
</properties>
  <testcase name="Given user is authorized to create post" classname="Scenario: Only api and ui job" time="0.003"/>
  <testcase name="When user creates API post with &quot;Cool title with API&quot;, &quot;Cool content&quot; and &quot;publish&quot;" classname="Scenario: Only api and ui job" time="0"/>
  <testcase name="Then user verifies the post with ui" classname="Scenario: Only api and ui job" time="0.001"/>
  <testcase name="Scenario: Only api and ui job" classname="Scenario: Only api and ui job" time="0.1"/>
  <testcase name="Given user is authorized to create post through ui" classname="Scenario: Only ui and api job" time="0"/>
  <testcase name="When user creates UI post with &quot;Good title with UI&quot;, &quot;Good content&quot; and &quot;publish&quot;" classname="Scenario: Only ui and api job" time="0"/>
  <testcase name="Then user verifies the post with api" classname="Scenario: Only ui and api job" time="0"/>
  <testcase name="Scenario: Only ui and api job" classname="Scenario: Only ui and api job" time="0.122"/>
  <testcase name="Given user is authorized to create post through ui" classname="Scenario: Only ui and DB job" time="0"/>
  <testcase name="When user creates UI post with &quot;Great title with UI&quot;, &quot;Great content&quot; and &quot;publish&quot;" classname="Scenario: Only ui and DB job" time="0.001"/>
  <testcase name="Then user verifies the post with DB" classname="Scenario: Only ui and DB job" time="0.001"/>
  <testcase name="Scenario: Only ui and DB job" classname="Scenario: Only ui and DB job" time="0.258"/>
  <testcase name="Given user is authorized to create post" classname="Scenario: Only DB and api job" time="0.001"/>
  <testcase name="When user creates post with JDBC" classname="Scenario: Only DB and api job" time="0"/>
  <testcase name="Then user verifies the JDBC post with api" classname="Scenario: Only DB and api job" time="0"/>
  <testcase name="Scenario: Only DB and api job" classname="Scenario: Only DB and api job" time="0.089"/>
</testsuite>